2024-10-18 22:59:14,991 - INFO - Connexion à Skype Web.
2024-10-18 23:12:20,843 - INFO - Recherche des conversations...
2024-10-18 23:12:20,907 - INFO - Nombre total de conversations trouvées : 11
2024-10-18 23:12:20,935 - INFO - Extraction conversation 1/11
2024-10-18 23:12:27,687 - ERROR - Erreur lors de l'extraction de la conversation 1: 'NoneType' object has no attribute 'split'
2024-10-18 23:12:27,689 - INFO - Extraction conversation 2/11
2024-10-18 23:13:01,145 - ERROR - Erreur lors de l'extraction de la conversation 2: Message: 
Stacktrace:
#0 0x5780e57212da <unknown>
#1 0x5780e53ef200 <unknown>
#2 0x5780e543eaa2 <unknown>
#3 0x5780e543ed41 <unknown>
#4 0x5780e5484964 <unknown>
#5 0x5780e54638fd <unknown>
#6 0x5780e5481dfd <unknown>
#7 0x5780e5463673 <unknown>
#8 0x5780e5431473 <unknown>
#9 0x5780e543247e <unknown>
#10 0x5780e56e80db <unknown>
#11 0x5780e56ec071 <unknown>
#12 0x5780e56d49d5 <unknown>
#13 0x5780e56ecbf2 <unknown>
#14 0x5780e56b9b6f <unknown>
#15 0x5780e5710248 <unknown>
#16 0x5780e5710417 <unknown>
#17 0x5780e57200cc <unknown>
#18 0x70db0009ca94 <unknown>
#19 0x70db00129c3c <unknown>

2024-10-18 23:13:01,146 - INFO - Extraction conversation 3/11
2024-10-18 23:13:09,520 - ERROR - Erreur lors de l'extraction de la conversation 3: 'NoneType' object has no attribute 'split'
2024-10-18 23:13:09,521 - INFO - Extraction conversation 4/11
2024-10-18 23:13:14,544 - ERROR - Erreur lors de l'extraction de la conversation 4: 'NoneType' object has no attribute 'split'
2024-10-18 23:13:14,545 - INFO - Extraction conversation 5/11
2024-10-18 23:13:19,372 - ERROR - Erreur lors de l'extraction de la conversation 5: 'NoneType' object has no attribute 'split'
2024-10-18 23:13:19,373 - INFO - Extraction conversation 6/11
2024-10-18 23:13:24,155 - ERROR - Erreur lors de l'extraction de la conversation 6: 'NoneType' object has no attribute 'split'
2024-10-18 23:13:24,156 - INFO - Extraction conversation 7/11
2024-10-18 23:13:28,832 - ERROR - Erreur lors de l'extraction de la conversation 7: 'NoneType' object has no attribute 'split'
2024-10-18 23:13:28,834 - INFO - Extraction conversation 8/11
2024-10-18 23:14:01,777 - ERROR - Erreur lors de l'extraction de la conversation 8: Message: 
Stacktrace:
#0 0x5780e57212da <unknown>
#1 0x5780e53ef200 <unknown>
#2 0x5780e543eaa2 <unknown>
#3 0x5780e543ed41 <unknown>
#4 0x5780e5484964 <unknown>
#5 0x5780e54638fd <unknown>
#6 0x5780e5481dfd <unknown>
#7 0x5780e5463673 <unknown>
#8 0x5780e5431473 <unknown>
#9 0x5780e543247e <unknown>
#10 0x5780e56e80db <unknown>
#11 0x5780e56ec071 <unknown>
#12 0x5780e56d49d5 <unknown>
#13 0x5780e56ecbf2 <unknown>
#14 0x5780e56b9b6f <unknown>
#15 0x5780e5710248 <unknown>
#16 0x5780e5710417 <unknown>
#17 0x5780e57200cc <unknown>
#18 0x70db0009ca94 <unknown>
#19 0x70db00129c3c <unknown>

2024-10-18 23:14:01,779 - INFO - Extraction conversation 9/11
2024-10-18 23:14:06,603 - ERROR - Erreur lors de l'extraction de la conversation 9: 'NoneType' object has no attribute 'split'
2024-10-18 23:14:06,604 - INFO - Extraction conversation 10/11
2024-10-18 23:14:13,254 - ERROR - Erreur lors de l'extraction de la conversation 10: 'NoneType' object has no attribute 'split'
2024-10-18 23:14:13,800 - INFO - Messages exportés vers skypeMessages.xlsx.
2024-10-18 23:14:13,800 - INFO - Fermeture du navigateur.
